<?xml version="1.0" encoding="UTF-8"?>
<testng-results ignored="0" total="0" passed="0" failed="0" skipped="0">
  <reporter-output>
  </reporter-output>
  <suite started-at="2023-12-06T07:42:49 IST" name="Default suite" finished-at="2023-12-06T07:42:54 IST" duration-ms="4613">
    <groups>
      <group name="cucumber">
        <method signature="AbstractTestNGCucumberTests.runScenario(io.cucumber.testng.PickleWrapper,io.cucumber.testng.FeatureWrapper)[pri:0, instance:uiappfeatures.AmazonFailedRunner@18df8434]" name="runScenario" class="io.cucumber.testng.AbstractTestNGCucumberTests"/>
      </group> <!-- cucumber -->
    </groups>
    <test started-at="2023-12-06T07:42:49 IST" name="Default test" finished-at="2023-12-06T07:42:54 IST" duration-ms="4613">
      <class name="uiappfeatures.AmazonFailedRunner">
        <test-method is-config="true" signature="setUpClass(org.testng.ITestContext)[pri:0, instance:uiappfeatures.AmazonFailedRunner@18df8434]" started-at="2023-12-06T07:42:49 IST" name="setUpClass" finished-at="2023-12-06T07:42:51 IST" duration-ms="2090" status="PASS">
          <params>
            <param index="0">
              <value>
                <![CDATA[org.testng.TestRunner@5a9800f8]]>
              </value>
            </param>
          </params>
          <reporter-output>
          </reporter-output>
        </test-method> <!-- setUpClass -->
        <test-method is-config="true" signature="tearDownClass()[pri:0, instance:uiappfeatures.AmazonFailedRunner@18df8434]" started-at="2023-12-06T07:42:51 IST" name="tearDownClass" finished-at="2023-12-06T07:42:54 IST" duration-ms="2380" status="PASS">
          <reporter-output>
          </reporter-output>
        </test-method> <!-- tearDownClass -->
      </class> <!-- uiappfeatures.AmazonFailedRunner -->
    </test> <!-- Default test -->
  </suite> <!-- Default suite -->
</testng-results>
